<?xml version="1.0" encoding="UTF-8"?>
<testsuite xmlns:xsi="http://www.w3.org/2001/XMLSchema-instance" xsi:noNamespaceSchemaLocation="https://maven.apache.org/surefire/maven-surefire-plugin/xsd/surefire-test-report.xsd" name="Amazon, the cheapest product searching and checkout process" time="130.984" tests="2" errors="0" skipped="0" failures="1">
  <properties>
[...]
</properties>
  <testcase name="Verify that the basket calculates the result correctly" classname="Amazon, the cheapest product searching and checkout process" time="75.844"/>
  <testcase name="Verify that on Checkout, without an account, the user gets redirected to the registration page" classname="Amazon, the cheapest product searching and checkout process" time="55.129">
    <failure message="Verify that user is on the Amazon Registration Page expected:&lt;Amazon [Registratio]n&gt; but was:&lt;Amazon [Sign I]n&gt;" type="org.junit.ComparisonFailure"><![CDATA[org.junit.ComparisonFailure: Verify that user is on the Amazon Registration Page expected:<Amazon [Registratio]n> but was:<Amazon [Sign I]n>
]]></failure>
    <system-err><![CDATA[Starting ChromeDriver 86.0.4240.22 (398b0743353ff36fb1b82468f63a3a93b4e2e89e-refs/branch-heads/4240@{#378}) on port 4730
Only local connections are allowed.
Please see https://chromedriver.chromium.org/security-considerations for suggestions on keeping ChromeDriver safe.
ChromeDriver was started successfully.
Nov. 14, 2020 11:49:21 VORM. org.openqa.selenium.remote.ProtocolHandshake createSession
INFO: Detected dialect: W3C
]]></system-err>
  </testcase>
</testsuite>