<?xml version="1.0" encoding="UTF-8"?>
<testng-results ignored="0" total="0" passed="0" failed="0" skipped="0">
  <reporter-output>
  </reporter-output>
  <suite started-at="2020-11-23T22:38:18 MEZ" name="Surefire suite" finished-at="2020-11-23T22:43:00 MEZ" duration-ms="282257">
    <groups>
    </groups>
    <test started-at="2020-11-23T22:38:18 MEZ" name="Surefire test" finished-at="2020-11-23T22:43:00 MEZ" duration-ms="282257">
    </test> <!-- Surefire test -->
  </suite> <!-- Surefire suite -->
</testng-results>
