<?xml version="1.0" encoding="UTF-8"?>
<testng-results ignored="0" total="0" passed="0" failed="0" skipped="0">
  <reporter-output>
  </reporter-output>
  <suite started-at="2020-11-22T19:47:20 MEZ" name="Surefire suite" finished-at="2020-11-22T19:52:29 MEZ" duration-ms="308789">
    <groups>
    </groups>
    <test started-at="2020-11-22T19:47:20 MEZ" name="Surefire test" finished-at="2020-11-22T19:52:29 MEZ" duration-ms="308789">
    </test> <!-- Surefire test -->
  </suite> <!-- Surefire suite -->
</testng-results>
